# JRE version: Java(TM) SE Runtime Environment (8.0_211-b12) (build 1.8.0_211-b12)
# Java VM: Java HotSpot(TM) 64-Bit Server VM (25.211-b12 mixed mode linux-amd64 compressed oops)
Heap:
 PSYoungGen      total 289280K, used 0K [0x00000000eab00000, 0x0000000100000000, 0x0000000100000000)
  eden space 229376K, 0% used [0x00000000eab00000,0x00000000eab00000,0x00000000f8b00000)
  from space 59904K, 0% used [0x00000000f8b00000,0x00000000f8b00000,0x00000000fc580000)
  to   space 59904K, 0% used [0x00000000fc580000,0x00000000fc580000,0x0000000100000000)
 ParOldGen       total 194560K, used 156278K [0x00000000c0000000, 0x00000000cbe00000, 0x00000000eab00000)
  object space 194560K, 80% used [0x00000000c0000000,0x00000000c989d9f0,0x00000000cbe00000)
 Metaspace       used 92279K, capacity 95302K, committed 95616K, reserved 1132544K
  class space    used 11729K, capacity 12339K, committed 12416K, reserved 1048576K
GC Heap History (10 events):
Event: 347,885 GC heap after
Heap after GC invocations=41 (full 4):
 PSYoungGen      total 304640K, used 7586K [0x00000000eab00000, 0x00000000ffc00000, 0x0000000100000000)
  eden space 265216K, 0% used [0x00000000eab00000,0x00000000eab00000,0x00000000fae00000)
  from space 39424K, 19% used [0x00000000fae00000,0x00000000fb568bc0,0x00000000fd480000)
  to   space 37376K, 0% used [0x00000000fd780000,0x00000000fd780000,0x00000000ffc00000)
 ParOldGen       total 194560K, used 98730K [0x00000000c0000000, 0x00000000cbe00000, 0x00000000eab00000)
  object space 194560K, 50% used [0x00000000c0000000,0x00000000c606a968,0x00000000cbe00000)
 Metaspace       used 89985K, capacity 92612K, committed 93056K, reserved 1130496K
  class space    used 11427K, capacity 11996K, committed 12160K, reserved 1048576K
}
Event: 349,488 GC heap before
{Heap before GC invocations=42 (full 4):
 PSYoungGen      total 304640K, used 272802K [0x00000000eab00000, 0x00000000ffc00000, 0x0000000100000000)
  eden space 265216K, 100% used [0x00000000eab00000,0x00000000fae00000,0x00000000fae00000)
  from space 39424K, 19% used [0x00000000fae00000,0x00000000fb568bc0,0x00000000fd480000)
  to   space 37376K, 0% used [0x00000000fd780000,0x00000000fd780000,0x00000000ffc00000)
 ParOldGen       total 194560K, used 98730K [0x00000000c0000000, 0x00000000cbe00000, 0x00000000eab00000)
  object space 194560K, 50% used [0x00000000c0000000,0x00000000c606a968,0x00000000cbe00000)
 Metaspace       used 90648K, capacity 93320K, committed 93568K, reserved 1130496K
  class space    used 11490K, capacity 12060K, committed 12160K, reserved 1048576K
Event: 349,501 GC heap after
Heap after GC invocations=42 (full 4):
 PSYoungGen      total 307712K, used 19027K [0x00000000eab00000, 0x00000000ffe00000, 0x0000000100000000)
  eden space 270336K, 0% used [0x00000000eab00000,0x00000000eab00000,0x00000000fb300000)
  from space 37376K, 50% used [0x00000000fd780000,0x00000000fea14ed8,0x00000000ffc00000)
  to   space 37376K, 0% used [0x00000000fb300000,0x00000000fb300000,0x00000000fd780000)
 ParOldGen       total 194560K, used 100145K [0x00000000c0000000, 0x00000000cbe00000, 0x00000000eab00000)
  object space 194560K, 51% used [0x00000000c0000000,0x00000000c61cc558,0x00000000cbe00000)
 Metaspace       used 90648K, capacity 93320K, committed 93568K, reserved 1130496K
  class space    used 11490K, capacity 12060K, committed 12160K, reserved 1048576K
}
Event: 352,137 GC heap before
{Heap before GC invocations=43 (full 4):
 PSYoungGen      total 307712K, used 289363K [0x00000000eab00000, 0x00000000ffe00000, 0x0000000100000000)
  eden space 270336K, 100% used [0x00000000eab00000,0x00000000fb300000,0x00000000fb300000)
  from space 37376K, 50% used [0x00000000fd780000,0x00000000fea14ed8,0x00000000ffc00000)
  to   space 37376K, 0% used [0x00000000fb300000,0x00000000fb300000,0x00000000fd780000)
 ParOldGen       total 194560K, used 100145K [0x00000000c0000000, 0x00000000cbe00000, 0x00000000eab00000)
  object space 194560K, 51% used [0x00000000c0000000,0x00000000c61cc558,0x00000000cbe00000)
 Metaspace       used 91649K, capacity 94578K, committed 94720K, reserved 1132544K
  class space    used 11628K, capacity 12225K, committed 12288K, reserved 1048576K
Event: 352,145 GC heap after
Heap after GC invocations=43 (full 4):
 PSYoungGen      total 307712K, used 4954K [0x00000000eab00000, 0x00000000ffe00000, 0x0000000100000000)
  eden space 270336K, 0% used [0x00000000eab00000,0x00000000eab00000,0x00000000fb300000)
  from space 37376K, 13% used [0x00000000fb300000,0x00000000fb7d6990,0x00000000fd780000)
  to   space 36352K, 0% used [0x00000000fda80000,0x00000000fda80000,0x00000000ffe00000)
 ParOldGen       total 194560K, used 100737K [0x00000000c0000000, 0x00000000cbe00000, 0x00000000eab00000)
  object space 194560K, 51% used [0x00000000c0000000,0x00000000c6260578,0x00000000cbe00000)
 Metaspace       used 91649K, capacity 94578K, committed 94720K, reserved 1132544K
  class space    used 11628K, capacity 12225K, committed 12288K, reserved 1048576K
}
Event: 352,619 GC heap before
{Heap before GC invocations=44 (full 4):
 PSYoungGen      total 307712K, used 274353K [0x00000000eab00000, 0x00000000ffe00000, 0x0000000100000000)
  eden space 270336K, 99% used [0x00000000eab00000,0x00000000fb215c38,0x00000000fb300000)
  from space 37376K, 13% used [0x00000000fb300000,0x00000000fb7d6990,0x00000000fd780000)
  to   space 36352K, 0% used [0x00000000fda80000,0x00000000fda80000,0x00000000ffe00000)
 ParOldGen       total 194560K, used 100737K [0x00000000c0000000, 0x00000000cbe00000, 0x00000000eab00000)
  object space 194560K, 51% used [0x00000000c0000000,0x00000000c6260578,0x00000000cbe00000)
 Metaspace       used 92270K, capacity 95304K, committed 95616K, reserved 1132544K
  class space    used 11730K, capacity 12340K, committed 12416K, reserved 1048576K
Event: 352,655 GC heap after
Heap after GC invocations=44 (full 4):
 PSYoungGen      total 265728K, used 36351K [0x00000000eab00000, 0x0000000100000000, 0x0000000100000000)
  eden space 229376K, 0% used [0x00000000eab00000,0x00000000eab00000,0x00000000f8b00000)
  from space 36352K, 99% used [0x00000000fda80000,0x00000000ffdfff68,0x00000000ffe00000)
  to   space 59904K, 0% used [0x00000000f8b00000,0x00000000f8b00000,0x00000000fc580000)
 ParOldGen       total 194560K, used 146697K [0x00000000c0000000, 0x00000000cbe00000, 0x00000000eab00000)
  object space 194560K, 75% used [0x00000000c0000000,0x00000000c8f42640,0x00000000cbe00000)
 Metaspace       used 92270K, capacity 95304K, committed 95616K, reserved 1132544K
  class space    used 11730K, capacity 12340K, committed 12416K, reserved 1048576K
}
Event: 353,465 GC heap before
{Heap before GC invocations=45 (full 4):
 PSYoungGen      total 265728K, used 265583K [0x00000000eab00000, 0x0000000100000000, 0x0000000100000000)
  eden space 229376K, 99% used [0x00000000eab00000,0x00000000f8adbd38,0x00000000f8b00000)
  from space 36352K, 99% used [0x00000000fda80000,0x00000000ffdfff68,0x00000000ffe00000)
  to   space 59904K, 0% used [0x00000000f8b00000,0x00000000f8b00000,0x00000000fc580000)
 ParOldGen       total 194560K, used 146697K [0x00000000c0000000, 0x00000000cbe00000, 0x00000000eab00000)
  object space 194560K, 75% used [0x00000000c0000000,0x00000000c8f42640,0x00000000cbe00000)
 Metaspace       used 92284K, capacity 95320K, committed 95616K, reserved 1132544K
  class space    used 11731K, capacity 12342K, committed 12416K, reserved 1048576K
Event: 353,548 GC heap after
Heap after GC invocations=45 (full 4):
 PSYoungGen      total 289280K, used 59902K [0x00000000eab00000, 0x0000000100000000, 0x0000000100000000)
  eden space 229376K, 0% used [0x00000000eab00000,0x00000000eab00000,0x00000000f8b00000)
  from space 59904K, 99% used [0x00000000f8b00000,0x00000000fc57f8c0,0x00000000fc580000)
  to   space 59904K, 0% used [0x00000000fc580000,0x00000000fc580000,0x0000000100000000)
 ParOldGen       total 194560K, used 175621K [0x00000000c0000000, 0x00000000cbe00000, 0x00000000eab00000)
  object space 194560K, 90% used [0x00000000c0000000,0x00000000cab817c0,0x00000000cbe00000)
 Metaspace       used 92284K, capacity 95320K, committed 95616K, reserved 1132544K
  class space    used 11731K, capacity 12342K, committed 12416K, reserved 1048576K
}
Event: 353,556 GC heap before
{Heap before GC invocations=46 (full 5):
 PSYoungGen      total 289280K, used 59902K [0x00000000eab00000, 0x0000000100000000, 0x0000000100000000)
  eden space 229376K, 0% used [0x00000000eab00000,0x00000000eab00000,0x00000000f8b00000)
  from space 59904K, 99% used [0x00000000f8b00000,0x00000000fc57f8c0,0x00000000fc580000)
  to   space 59904K, 0% used [0x00000000fc580000,0x00000000fc580000,0x0000000100000000)
 ParOldGen       total 194560K, used 175621K [0x00000000c0000000, 0x00000000cbe00000, 0x00000000eab00000)
  object space 194560K, 90% used [0x00000000c0000000,0x00000000cab817c0,0x00000000cbe00000)
 Metaspace       used 92284K, capacity 95320K, committed 95616K, reserved 1132544K
  class space    used 11731K, capacity 12342K, committed 12416K, reserved 1048576K

